2026-05-12 17:38:57,420 DEBUG Using selector: KqueueSelector
2026-05-12 17:38:57,449 INFO server listening on 0.0.0.0:6502
2026-05-12 17:38:57,449 INFO WebSocket server on port 6502
2026-05-12 17:38:57,449 INFO TCP server on port 6400
2026-05-12 17:38:57,449 INFO Compunet server ready.
2026-05-12 17:40:33,690 INFO TCP client connected: ('127.0.0.1', 50061)
2026-05-12 17:40:33,715 INFO TCP: connected, waiting for break delay...
2026-05-12 17:40:33,765 INFO X25: sending handshake bytes one at a time
2026-05-12 17:40:34,978 INFO X25 TX: handshake complete - 12 bytes of $20 sent
2026-05-12 17:40:34,978 INFO TCP: handshake complete, entering negotiation phase...
2026-05-12 17:40:34,978 INFO TCP RX: 29 bytes: 4320434e45540d3332323530302f3130300d4144500d4e4f0d52554e0d
2026-05-12 17:40:34,979 INFO TCP RX (decoded): C CNET[0D]322500/100[0D]ADP[0D]NO[0D]RUN[0D]
2026-05-12 17:40:34,979 INFO TCP RX buffer total: 29 bytes
2026-05-12 17:40:34,979 INFO TCP: *** CNET identification received ***
2026-05-12 17:40:34,979 INFO TCP:   field[0]: 'C CNET' (4320434e4554)
2026-05-12 17:40:34,979 INFO TCP:   field[1]: '322500/100' (3332323530302f313030)
2026-05-12 17:40:34,979 INFO TCP:   field[2]: 'ADP' (414450)
2026-05-12 17:40:34,979 INFO TCP:   field[3]: 'NO' (4e4f)
2026-05-12 17:40:34,979 INFO TCP:   field[4]: 'RUN' (52554e)
2026-05-12 17:40:34,979 INFO TCP:   field[5]: '' ()
2026-05-12 17:40:34,980 INFO TCP TX: sent "*CON\r" connection signal (burst)
2026-05-12 17:40:34,980 INFO TCP: entering command loop
2026-05-12 17:40:37,425 INFO TCP RX: 1 bytes: 01
2026-05-12 17:40:37,425 INFO TCP RX: 1 bytes: 20
2026-05-12 17:40:37,427 INFO TCP RX: 1 bytes: 43
2026-05-12 17:40:37,428 INFO TCP RX: 1 bytes: 7f
2026-05-12 17:40:37,431 INFO TCP RX: 1 bytes: 5a
2026-05-12 17:40:37,432 INFO TCP RX: 1 bytes: 54
2026-05-12 17:40:37,436 INFO TCP RX: 1 bytes: 45
2026-05-12 17:40:37,438 INFO TCP RX: 1 bytes: 53
2026-05-12 17:40:37,440 INFO TCP RX: 1 bytes: 54
2026-05-12 17:40:37,441 INFO TCP RX: 1 bytes: 20
2026-05-12 17:40:37,443 INFO TCP RX: 1 bytes: 20
2026-05-12 17:40:37,444 INFO TCP RX: 1 bytes: 20
2026-05-12 17:40:37,446 INFO TCP RX: 1 bytes: 20
2026-05-12 17:40:37,448 INFO TCP RX: 1 bytes: 54
2026-05-12 17:40:37,452 INFO TCP RX: 1 bytes: 45
2026-05-12 17:40:37,453 INFO TCP RX: 1 bytes: 53
2026-05-12 17:40:37,455 INFO TCP RX: 1 bytes: 54
2026-05-12 17:40:37,457 INFO TCP RX: 1 bytes: 20
2026-05-12 17:40:37,459 INFO TCP RX: 1 bytes: 20
2026-05-12 17:40:37,460 INFO TCP RX: 1 bytes: 09
2026-05-12 17:40:37,463 INFO TCP RX: 1 bytes: 08
2026-05-12 17:40:37,464 INFO TCP RX: 1 bytes: 14
2026-05-12 17:40:37,465 INFO TCP RX: 1 bytes: 08
2026-05-12 17:40:37,469 INFO TCP RX: 1 bytes: 11
2026-05-12 17:40:37,471 INFO TCP RX: 1 bytes: 07
2026-05-12 17:40:37,472 INFO TCP RX: 1 bytes: 36
2026-05-12 17:40:37,474 INFO TCP RX: 1 bytes: 34
2026-05-12 17:40:37,476 INFO TCP RX: 1 bytes: 31
2026-05-12 17:40:37,478 INFO TCP RX: 1 bytes: 32
2026-05-12 17:40:37,479 INFO TCP RX: 1 bytes: 30
2026-05-12 17:40:37,481 INFO TCP RX: 1 bytes: 30
2026-05-12 17:40:37,482 INFO TCP RX: 1 bytes: 37
2026-05-12 17:40:37,486 INFO TCP RX: 1 bytes: 1a
2026-05-12 17:40:37,487 INFO TCP RX: 1 bytes: 02
2026-05-12 17:40:37,487 WARNING X25 RX: CRC mismatch! expected=FBFA got=371A pkt=20437f5a5445535420202020544553542020090814081107363431323030371a
2026-05-12 17:40:37,488 INFO X25 RX: $43 seq=$7F len=32 payload=27 bytes [20437f5a5445535420202020544553542020090814081107363431323030371a]
2026-05-12 17:40:37,488 INFO TCP: packet token=$43 seq=$7F payload=27 bytes
2026-05-12 17:40:37,488 INFO TCP: COM seq=$7F cmd=$5A (Z) data=5a5445535420202020544553542020090814081107363431323030
2026-05-12 17:40:37,488 INFO TCP: *** PROCESSING LOGIN ***
2026-05-12 17:40:37,488 INFO TCP: *** LOGIN ***
2026-05-12 17:40:37,488 INFO TCP:   user='TEST' pass='TEST' cnload_bytes=$30/$30 (skip=True)
2026-05-12 17:40:37,488 INFO Login OK: TEST
2026-05-12 17:40:37,489 INFO TCP: login OK! Sending linking data...
2026-05-12 17:40:37,489 INFO X25 TX: ACK seq=$7F [010620207f28c102]
2026-05-12 17:40:37,489 INFO TCP: sent ACK for login packet seq=$7F
2026-05-12 17:40:37,992 INFO TCP: sending 7707 bytes of linking data (7699 bytes terminal code)
2026-05-12 17:40:37,992 DEBUG X25 TX: DAT seq=$21 payload=00 [0106222100fae802]
2026-05-12 17:41:08,093 WARNING TCP: timeout waiting for ACK at byte 1/7707 (unacked=1)
2026-05-12 17:41:08,093 WARNING TCP: linking FAILED at byte 1/7707
