2026-05-10 22:16:02:6168227840:DEBUG:Incoming ip232 connection
2026-05-10 22:16:02:6168227840:ENTER_EXIT:Entering ip_accept function
2026-05-10 22:16:02:6168227840:INFO:Connection accepted from 127.0.0.1
2026-05-10 22:16:02:6168227840:ENTER_EXIT:Exitting ip_accept function
2026-05-10 22:16:02:6168227840:DEBUG_X:Waiting for incoming ip232 connections
2026-05-10 22:16:02:6168801280:ENTER_EXIT:Exitting dce_check_control_lines function
2026-05-10 22:16:02:6168801280:DEBUG:Control Line Change
2026-05-10 22:16:02:6168801280:INFO:Link has come up
2026-05-10 22:16:02:6168801280:ENTER_EXIT:Entering dce_check_control_lines function
2026-05-10 22:16:02:6167654400:DEBUG:Received L from control line watch task
2026-05-10 22:16:02:6167654400:DEBUG_X:Waiting for modem/control line/timer/socket activity
2026-05-10 22:16:02:6167654400:DEBUG_X:CMD:1, DCE:1, LINE:0, TYPE:0, HOOK:0
2026-05-10 22:16:02:6167654400:DEBUG:Data available on serial port
2026-05-10 22:16:02:6167654400:ENTER_EXIT:Entering ip232_read function
2026-05-10 22:16:02:6167654400:DEBUG:Read 1 bytes from ip232 socket
2026-05-10 22:16:02:6167654400:ENTER_EXIT:Exitting ip232_read function
2026-05-10 22:16:02:6167654400:DEBUG_X:Waiting for modem/control line/timer/socket activity
2026-05-10 22:16:02:6167654400:DEBUG_X:CMD:1, DCE:1, LINE:0, TYPE:0, HOOK:0
2026-05-10 22:16:02:6167654400:DEBUG:Data available on serial port
2026-05-10 22:16:02:6167654400:ENTER_EXIT:Entering ip232_read function
2026-05-10 22:16:02:6167654400:DEBUG:Read 1 bytes from ip232 socket
2026-05-10 22:16:02:6167654400:DEBUG:Virtual DTR line up
2026-05-10 22:16:02:6167654400:ENTER_EXIT:Exitting ip232_read function
2026-05-10 22:16:02:6167654400:DEBUG_X:Waiting for modem/control line/timer/socket activity
2026-05-10 22:16:02:6167654400:DEBUG_X:CMD:1, DCE:1, LINE:0, TYPE:0, HOOK:0
2026-05-10 22:16:02:6168801280:ENTER_EXIT:Exitting dce_check_control_lines function
2026-05-10 22:16:02:6168801280:DEBUG:Control Line Change
2026-05-10 22:16:02:6168801280:INFO:DTR has gone high
2026-05-10 22:16:02:6168801280:ENTER_EXIT:Entering dce_check_control_lines function
2026-05-10 22:16:02:6167654400:DEBUG:Received D from control line watch task
2026-05-10 22:16:02:6167654400:DEBUG_X:Waiting for modem/control line/timer/socket activity
2026-05-10 22:16:02:6167654400:DEBUG_X:CMD:1, DCE:1, LINE:0, TYPE:0, HOOK:0
2026-05-10 22:16:33:6167654400:DEBUG:Data available on serial port
2026-05-10 22:16:33:6167654400:ENTER_EXIT:Entering ip232_read function
2026-05-10 22:16:33:6167654400:DEBUG:Read 1 bytes from ip232 socket
2026-05-10 22:16:33:6167654400:ENTER_EXIT:Exitting ip232_read function
2026-05-10 22:16:33:6167654400:DEBUG:Read 1 raw byte from serial port
2026-05-10 22:16:33:6167654400:DEBUG_X:'A' parsed in serial stream
2026-05-10 22:16:33:6167654400:DEBUG_X:Waiting for modem/control line/timer/socket activity
2026-05-10 22:16:33:6167654400:DEBUG_X:CMD:1, DCE:1, LINE:0, TYPE:0, HOOK:0
2026-05-10 22:16:33:6167654400:DEBUG:Data available on serial port
2026-05-10 22:16:33:6167654400:ENTER_EXIT:Entering ip232_read function
2026-05-10 22:16:33:6167654400:DEBUG:Read 1 bytes from ip232 socket
2026-05-10 22:16:33:6167654400:ENTER_EXIT:Exitting ip232_read function
2026-05-10 22:16:33:6167654400:DEBUG:Read 1 raw byte from serial port
2026-05-10 22:16:33:6167654400:DEBUG_X:'T' parsed in serial stream, switching to command parse mode
2026-05-10 22:16:33:6167654400:DEBUG_X:Waiting for modem/control line/timer/socket activity
2026-05-10 22:16:33:6167654400:DEBUG_X:CMD:1, DCE:1, LINE:0, TYPE:0, HOOK:0
2026-05-10 22:16:33:6167654400:DEBUG:Data available on serial port
2026-05-10 22:16:33:6167654400:ENTER_EXIT:Entering ip232_read function
2026-05-10 22:16:33:6167654400:DEBUG:Read 1 bytes from ip232 socket
2026-05-10 22:16:33:6167654400:ENTER_EXIT:Exitting ip232_read function
2026-05-10 22:16:33:6167654400:DEBUG:Read 1 raw byte from serial port
2026-05-10 22:16:33:6167654400:DEBUG_X:Waiting for modem/control line/timer/socket activity
2026-05-10 22:16:33:6167654400:DEBUG_X:CMD:1, DCE:1, LINE:0, TYPE:0, HOOK:0
2026-05-10 22:16:33:6167654400:DEBUG:Data available on serial port
2026-05-10 22:16:33:6167654400:ENTER_EXIT:Entering ip232_read function
2026-05-10 22:16:33:6167654400:DEBUG:Read 1 bytes from ip232 socket
2026-05-10 22:16:33:6167654400:ENTER_EXIT:Exitting ip232_read function
2026-05-10 22:16:33:6167654400:DEBUG:Read 1 raw byte from serial port
2026-05-10 22:16:33:6167654400:DEBUG_X:Waiting for modem/control line/timer/socket activity
2026-05-10 22:16:33:6167654400:DEBUG_X:CMD:1, DCE:1, LINE:0, TYPE:0, HOOK:0
2026-05-10 22:16:33:6167654400:DEBUG:Data available on serial port
2026-05-10 22:16:33:6167654400:ENTER_EXIT:Entering ip232_read function
2026-05-10 22:16:33:6167654400:DEBUG:Read 1 bytes from ip232 socket
2026-05-10 22:16:33:6167654400:ENTER_EXIT:Exitting ip232_read function
2026-05-10 22:16:33:6167654400:DEBUG:Read 1 raw byte from serial port
2026-05-10 22:16:33:6167654400:ENTER_EXIT:Entering mdm_parse_cmd function
2026-05-10 22:16:33:6167654400:DEBUG:Evaluating ATV1
2026-05-10 22:16:33:6167654400:DEBUG:Command: V (86), Flags: 0, index=2, num=1, data=0-0
2026-05-10 22:16:33:6167654400:DEBUG:Command:   (-1), Flags: -1, index=2, num=0, data=0-0
2026-05-10 22:16:33:6167654400:DEBUG:Sending OK response to modem
2026-05-10 22:16:33:6167654400:DEBUG_X:Sending text response
2026-05-10 22:16:33:6167654400:DEBUG_X:Waiting for modem/control line/timer/socket activity
2026-05-10 22:16:33:6167654400:DEBUG_X:CMD:1, DCE:1, LINE:0, TYPE:0, HOOK:0
2026-05-10 22:16:34:6167654400:DEBUG:Data available on serial port
2026-05-10 22:16:34:6167654400:ENTER_EXIT:Entering ip232_read function
2026-05-10 22:16:34:6167654400:DEBUG:Read 1 bytes from ip232 socket
2026-05-10 22:16:34:6167654400:ENTER_EXIT:Exitting ip232_read function
2026-05-10 22:16:34:6167654400:DEBUG:Read 1 raw byte from serial port
2026-05-10 22:16:34:6167654400:DEBUG_X:'A' parsed in serial stream
2026-05-10 22:16:34:6167654400:DEBUG_X:Waiting for modem/control line/timer/socket activity
2026-05-10 22:16:34:6167654400:DEBUG_X:CMD:1, DCE:1, LINE:0, TYPE:0, HOOK:0
2026-05-10 22:16:34:6167654400:DEBUG:Data available on serial port
2026-05-10 22:16:34:6167654400:ENTER_EXIT:Entering ip232_read function
2026-05-10 22:16:34:6167654400:DEBUG:Read 1 bytes from ip232 socket
2026-05-10 22:16:34:6167654400:ENTER_EXIT:Exitting ip232_read function
2026-05-10 22:16:34:6167654400:DEBUG:Read 1 raw byte from serial port
2026-05-10 22:16:34:6167654400:DEBUG_X:'T' parsed in serial stream, switching to command parse mode
2026-05-10 22:16:34:6167654400:DEBUG_X:Waiting for modem/control line/timer/socket activity
2026-05-10 22:16:34:6167654400:DEBUG_X:CMD:1, DCE:1, LINE:0, TYPE:0, HOOK:0
2026-05-10 22:16:34:6167654400:DEBUG:Data available on serial port
2026-05-10 22:16:34:6167654400:ENTER_EXIT:Entering ip232_read function
2026-05-10 22:16:34:6167654400:DEBUG:Read 1 bytes from ip232 socket
2026-05-10 22:16:34:6167654400:ENTER_EXIT:Exitting ip232_read function
2026-05-10 22:16:34:6167654400:DEBUG:Read 1 raw byte from serial port
2026-05-10 22:16:34:6167654400:DEBUG_X:Waiting for modem/control line/timer/socket activity
2026-05-10 22:16:34:6167654400:DEBUG_X:CMD:1, DCE:1, LINE:0, TYPE:0, HOOK:0
2026-05-10 22:16:34:6167654400:DEBUG:Data available on serial port
2026-05-10 22:16:34:6167654400:ENTER_EXIT:Entering ip232_read function
2026-05-10 22:16:34:6167654400:DEBUG:Read 1 bytes from ip232 socket
2026-05-10 22:16:34:6167654400:ENTER_EXIT:Exitting ip232_read function
2026-05-10 22:16:34:6167654400:DEBUG:Read 1 raw byte from serial port
2026-05-10 22:16:34:6167654400:DEBUG_X:Waiting for modem/control line/timer/socket activity
2026-05-10 22:16:34:6167654400:DEBUG_X:CMD:1, DCE:1, LINE:0, TYPE:0, HOOK:0
2026-05-10 22:16:34:6167654400:DEBUG:Data available on serial port
2026-05-10 22:16:34:6167654400:ENTER_EXIT:Entering ip232_read function
2026-05-10 22:16:34:6167654400:DEBUG:Read 1 bytes from ip232 socket
2026-05-10 22:16:34:6167654400:ENTER_EXIT:Exitting ip232_read function
2026-05-10 22:16:34:6167654400:DEBUG:Read 1 raw byte from serial port
2026-05-10 22:16:34:6167654400:DEBUG_X:Waiting for modem/control line/timer/socket activity
2026-05-10 22:16:34:6167654400:DEBUG_X:CMD:1, DCE:1, LINE:0, TYPE:0, HOOK:0
2026-05-10 22:16:34:6167654400:DEBUG:Data available on serial port
2026-05-10 22:16:34:6167654400:ENTER_EXIT:Entering ip232_read function
2026-05-10 22:16:34:6167654400:DEBUG:Read 1 bytes from ip232 socket
2026-05-10 22:16:34:6167654400:ENTER_EXIT:Exitting ip232_read function
2026-05-10 22:16:34:6167654400:DEBUG:Read 1 raw byte from serial port
2026-05-10 22:16:34:6167654400:DEBUG_X:Waiting for modem/control line/timer/socket activity
2026-05-10 22:16:34:6167654400:DEBUG_X:CMD:1, DCE:1, LINE:0, TYPE:0, HOOK:0
2026-05-10 22:16:34:6167654400:DEBUG:Data available on serial port
2026-05-10 22:16:34:6167654400:ENTER_EXIT:Entering ip232_read function
2026-05-10 22:16:34:6167654400:DEBUG:Read 1 bytes from ip232 socket
2026-05-10 22:16:34:6167654400:ENTER_EXIT:Exitting ip232_read function
2026-05-10 22:16:34:6167654400:DEBUG:Read 1 raw byte from serial port
2026-05-10 22:16:34:6167654400:DEBUG_X:Waiting for modem/control line/timer/socket activity
2026-05-10 22:16:34:6167654400:DEBUG_X:CMD:1, DCE:1, LINE:0, TYPE:0, HOOK:0
2026-05-10 22:16:34:6167654400:DEBUG:Data available on serial port
2026-05-10 22:16:34:6167654400:ENTER_EXIT:Entering ip232_read function
2026-05-10 22:16:34:6167654400:DEBUG:Read 1 bytes from ip232 socket
2026-05-10 22:16:34:6167654400:ENTER_EXIT:Exitting ip232_read function
2026-05-10 22:16:34:6167654400:DEBUG:Read 1 raw byte from serial port
2026-05-10 22:16:34:6167654400:DEBUG_X:Waiting for modem/control line/timer/socket activity
2026-05-10 22:16:34:6167654400:DEBUG_X:CMD:1, DCE:1, LINE:0, TYPE:0, HOOK:0
2026-05-10 22:16:34:6167654400:DEBUG:Data available on serial port
2026-05-10 22:16:34:6167654400:ENTER_EXIT:Entering ip232_read function
2026-05-10 22:16:34:6167654400:DEBUG:Read 1 bytes from ip232 socket
2026-05-10 22:16:34:6167654400:ENTER_EXIT:Exitting ip232_read function
2026-05-10 22:16:34:6167654400:DEBUG:Read 1 raw byte from serial port
2026-05-10 22:16:34:6167654400:DEBUG_X:Waiting for modem/control line/timer/socket activity
2026-05-10 22:16:34:6167654400:DEBUG_X:CMD:1, DCE:1, LINE:0, TYPE:0, HOOK:0
2026-05-10 22:16:34:6167654400:DEBUG:Data available on serial port
2026-05-10 22:16:34:6167654400:ENTER_EXIT:Entering ip232_read function
2026-05-10 22:16:34:6167654400:DEBUG:Read 1 bytes from ip232 socket
2026-05-10 22:16:34:6167654400:ENTER_EXIT:Exitting ip232_read function
2026-05-10 22:16:34:6167654400:DEBUG:Read 1 raw byte from serial port
2026-05-10 22:16:34:6167654400:DEBUG_X:Waiting for modem/control line/timer/socket activity
2026-05-10 22:16:34:6167654400:DEBUG_X:CMD:1, DCE:1, LINE:0, TYPE:0, HOOK:0
2026-05-10 22:16:34:6167654400:DEBUG:Data available on serial port
2026-05-10 22:16:34:6167654400:ENTER_EXIT:Entering ip232_read function
2026-05-10 22:16:34:6167654400:DEBUG:Read 1 bytes from ip232 socket
2026-05-10 22:16:34:6167654400:ENTER_EXIT:Exitting ip232_read function
2026-05-10 22:16:34:6167654400:DEBUG:Read 1 raw byte from serial port
2026-05-10 22:16:34:6167654400:DEBUG_X:Waiting for modem/control line/timer/socket activity
2026-05-10 22:16:34:6167654400:DEBUG_X:CMD:1, DCE:1, LINE:0, TYPE:0, HOOK:0
2026-05-10 22:16:34:6167654400:DEBUG:Data available on serial port
2026-05-10 22:16:34:6167654400:ENTER_EXIT:Entering ip232_read function
2026-05-10 22:16:34:6167654400:DEBUG:Read 1 bytes from ip232 socket
2026-05-10 22:16:34:6167654400:ENTER_EXIT:Exitting ip232_read function
2026-05-10 22:16:34:6167654400:DEBUG:Read 1 raw byte from serial port
2026-05-10 22:16:34:6167654400:DEBUG_X:Waiting for modem/control line/timer/socket activity
2026-05-10 22:16:34:6167654400:DEBUG_X:CMD:1, DCE:1, LINE:0, TYPE:0, HOOK:0
2026-05-10 22:16:34:6167654400:DEBUG:Data available on serial port
2026-05-10 22:16:34:6167654400:ENTER_EXIT:Entering ip232_read function
2026-05-10 22:16:34:6167654400:DEBUG:Read 1 bytes from ip232 socket
2026-05-10 22:16:34:6167654400:ENTER_EXIT:Exitting ip232_read function
2026-05-10 22:16:34:6167654400:DEBUG:Read 1 raw byte from serial port
2026-05-10 22:16:34:6167654400:DEBUG_X:Waiting for modem/control line/timer/socket activity
2026-05-10 22:16:34:6167654400:DEBUG_X:CMD:1, DCE:1, LINE:0, TYPE:0, HOOK:0
2026-05-10 22:16:34:6167654400:DEBUG:Data available on serial port
2026-05-10 22:16:34:6167654400:ENTER_EXIT:Entering ip232_read function
2026-05-10 22:16:34:6167654400:DEBUG:Read 1 bytes from ip232 socket
2026-05-10 22:16:34:6167654400:ENTER_EXIT:Exitting ip232_read function
2026-05-10 22:16:34:6167654400:DEBUG:Read 1 raw byte from serial port
2026-05-10 22:16:34:6167654400:DEBUG_X:Waiting for modem/control line/timer/socket activity
2026-05-10 22:16:34:6167654400:DEBUG_X:CMD:1, DCE:1, LINE:0, TYPE:0, HOOK:0
2026-05-10 22:16:34:6167654400:DEBUG:Data available on serial port
2026-05-10 22:16:34:6167654400:ENTER_EXIT:Entering ip232_read function
2026-05-10 22:16:34:6167654400:DEBUG:Read 1 bytes from ip232 socket
2026-05-10 22:16:34:6167654400:ENTER_EXIT:Exitting ip232_read function
2026-05-10 22:16:34:6167654400:DEBUG:Read 1 raw byte from serial port
2026-05-10 22:16:34:6167654400:DEBUG_X:Waiting for modem/control line/timer/socket activity
2026-05-10 22:16:34:6167654400:DEBUG_X:CMD:1, DCE:1, LINE:0, TYPE:0, HOOK:0
2026-05-10 22:16:34:6167654400:DEBUG:Data available on serial port
2026-05-10 22:16:34:6167654400:ENTER_EXIT:Entering ip232_read function
2026-05-10 22:16:34:6167654400:DEBUG:Read 1 bytes from ip232 socket
2026-05-10 22:16:34:6167654400:ENTER_EXIT:Exitting ip232_read function
2026-05-10 22:16:34:6167654400:DEBUG:Read 1 raw byte from serial port
2026-05-10 22:16:34:6167654400:DEBUG_X:Waiting for modem/control line/timer/socket activity
2026-05-10 22:16:34:6167654400:DEBUG_X:CMD:1, DCE:1, LINE:0, TYPE:0, HOOK:0
2026-05-10 22:16:34:6167654400:DEBUG:Data available on serial port
2026-05-10 22:16:34:6167654400:ENTER_EXIT:Entering ip232_read function
2026-05-10 22:16:34:6167654400:DEBUG:Read 1 bytes from ip232 socket
2026-05-10 22:16:34:6167654400:ENTER_EXIT:Exitting ip232_read function
2026-05-10 22:16:34:6167654400:DEBUG:Read 1 raw byte from serial port
2026-05-10 22:16:34:6167654400:DEBUG_X:Waiting for modem/control line/timer/socket activity
2026-05-10 22:16:34:6167654400:DEBUG_X:CMD:1, DCE:1, LINE:0, TYPE:0, HOOK:0
2026-05-10 22:16:34:6167654400:DEBUG:Data available on serial port
2026-05-10 22:16:34:6167654400:ENTER_EXIT:Entering ip232_read function
2026-05-10 22:16:34:6167654400:DEBUG:Read 1 bytes from ip232 socket
2026-05-10 22:16:34:6167654400:ENTER_EXIT:Exitting ip232_read function
2026-05-10 22:16:34:6167654400:DEBUG:Read 1 raw byte from serial port
2026-05-10 22:16:34:6167654400:DEBUG_X:Waiting for modem/control line/timer/socket activity
2026-05-10 22:16:34:6167654400:DEBUG_X:CMD:1, DCE:1, LINE:0, TYPE:0, HOOK:0
2026-05-10 22:16:34:6167654400:DEBUG:Data available on serial port
2026-05-10 22:16:34:6167654400:ENTER_EXIT:Entering ip232_read function
2026-05-10 22:16:34:6167654400:DEBUG:Read 1 bytes from ip232 socket
2026-05-10 22:16:34:6167654400:ENTER_EXIT:Exitting ip232_read function
2026-05-10 22:16:34:6167654400:DEBUG:Read 1 raw byte from serial port
2026-05-10 22:16:34:6167654400:ENTER_EXIT:Entering mdm_parse_cmd function
2026-05-10 22:16:34:6167654400:DEBUG:Evaluating ATDT127.0.0.1:6400
2026-05-10 22:16:34:6167654400:DEBUG:Command: D (68), Flags: 0, index=16, num=84, data=2-16
2026-05-10 22:16:34:6167654400:INFO:taking modem off hook
2026-05-10 22:16:34:6167654400:INFO:Connecting line
2026-05-10 22:16:34:6167654400:ENTER_EXIT:Entering pb_search function
2026-05-10 22:16:34:6167654400:ENTER_EXIT:Exitting pb_search function
2026-05-10 22:16:34:6167654400:ENTER_EXIT:Entering ip_connect function
2026-05-10 22:16:34:6167654400:DEBUG:Calling 127.0.0.1
2026-05-10 22:16:34:6167654400:INFO:Connection to 127.0.0.1 established
2026-05-10 22:16:34:6167654400:ENTER_EXIT:Exitting ip_connect function
2026-05-10 22:16:34:6167654400:DEBUG_X:Connected to 127.0.0.1
2026-05-10 22:16:34:6167654400:INFO:Control Lines: DSR:1 DCD:0 CTS:1 RI:0
2026-05-10 22:16:34:6167654400:ENTER_EXIT:Entering dce_set_control_lines function
2026-05-10 22:16:34:6167654400:DEBUG_X:Setting DCD pin low
2026-05-10 22:16:34:6167654400:DEBUG_X:Setting RI pin low
2026-05-10 22:16:34:6167654400:DEBUG:ip232 control line state dcd:0 ri:0
2026-05-10 22:16:34:6167654400:ENTER_EXIT:Exitting dce_set_control_lines function
2026-05-10 22:16:34:6167654400:DEBUG:Sending CONNECT 1200 response to modem
2026-05-10 22:16:34:6167654400:DEBUG_X:Sending text response
2026-05-10 22:16:34:6167654400:DEBUG_X:Connection status change, handling
2026-05-10 22:16:34:6167654400:DEBUG_X:Waiting for modem/control line/timer/socket activity
2026-05-10 22:16:34:6167654400:DEBUG_X:CMD:0, DCE:1, LINE:1, TYPE:1, HOOK:1
2026-05-10 22:16:34:6167654400:DEBUG_X:Setting timer for break delay
2026-05-10 22:16:34:6169374720:DEBUG:IP thread notified
2026-05-10 22:16:35:6167654400:DEBUG:Initial Break Delay detected
2026-05-10 22:16:35:6167654400:INFO:Control Lines: DSR:1 DCD:0 CTS:1 RI:0
2026-05-10 22:16:35:6167654400:ENTER_EXIT:Entering dce_set_control_lines function
2026-05-10 22:16:35:6167654400:DEBUG_X:Setting DCD pin low
2026-05-10 22:16:35:6167654400:DEBUG_X:Setting RI pin low
2026-05-10 22:16:35:6167654400:DEBUG:ip232 control line state dcd:0 ri:0
2026-05-10 22:16:35:6167654400:ENTER_EXIT:Exitting dce_set_control_lines function
2026-05-10 22:16:35:6167654400:DEBUG_X:Waiting for modem/control line/timer/socket activity
2026-05-10 22:16:35:6167654400:DEBUG_X:CMD:0, DCE:1, LINE:1, TYPE:1, HOOK:1
2026-05-10 22:16:36:6169374720:DEBUG:Data available on socket
2026-05-10 22:16:36:6169374720:DEBUG:Read 7 bytes from socket
2026-05-10 22:16:43:6167654400:DEBUG:Data available on serial port
2026-05-10 22:16:43:6167654400:ENTER_EXIT:Entering ip232_read function
2026-05-10 22:16:43:6167654400:DEBUG:Read 1 bytes from ip232 socket
2026-05-10 22:16:43:6167654400:ENTER_EXIT:Exitting ip232_read function
2026-05-10 22:16:43:6167654400:DEBUG:Read 1 bytes from serial port
2026-05-10 22:16:43:6167654400:DEBUG_X:Found non-break character, cancelling break
2026-05-10 22:16:43:6167654400:DEBUG_X:Waiting for modem/control line/timer/socket activity
2026-05-10 22:16:43:6167654400:DEBUG_X:CMD:0, DCE:1, LINE:1, TYPE:1, HOOK:1
2026-05-10 22:16:43:6167654400:DEBUG_X:Setting timer for break delay
2026-05-10 22:16:43:6169374720:DEBUG:Data available on socket
2026-05-10 22:16:43:6169374720:DEBUG:Read 1 bytes from socket
2026-05-10 22:16:43:6167654400:DEBUG:Data available on serial port
2026-05-10 22:16:43:6167654400:ENTER_EXIT:Entering ip232_read function
2026-05-10 22:16:43:6167654400:DEBUG:Read 1 bytes from ip232 socket
2026-05-10 22:16:43:6167654400:ENTER_EXIT:Exitting ip232_read function
2026-05-10 22:16:43:6167654400:DEBUG:Read 1 bytes from serial port
2026-05-10 22:16:43:6167654400:DEBUG_X:Waiting for modem/control line/timer/socket activity
2026-05-10 22:16:43:6167654400:DEBUG_X:CMD:0, DCE:1, LINE:1, TYPE:1, HOOK:1
2026-05-10 22:16:43:6167654400:DEBUG_X:Setting timer for break delay
2026-05-10 22:16:43:6169374720:DEBUG:Data available on socket
2026-05-10 22:16:43:6169374720:DEBUG:Read 1 bytes from socket
2026-05-10 22:16:43:6167654400:DEBUG:Data available on serial port
2026-05-10 22:16:43:6167654400:ENTER_EXIT:Entering ip232_read function
2026-05-10 22:16:43:6167654400:DEBUG:Read 1 bytes from ip232 socket
2026-05-10 22:16:43:6167654400:ENTER_EXIT:Exitting ip232_read function
2026-05-10 22:16:43:6167654400:DEBUG:Read 1 bytes from serial port
2026-05-10 22:16:43:6167654400:DEBUG_X:Waiting for modem/control line/timer/socket activity
2026-05-10 22:16:43:6167654400:DEBUG_X:CMD:0, DCE:1, LINE:1, TYPE:1, HOOK:1
2026-05-10 22:16:43:6167654400:DEBUG_X:Setting timer for break delay
2026-05-10 22:16:43:6169374720:DEBUG:Data available on socket
2026-05-10 22:16:43:6169374720:DEBUG:Read 1 bytes from socket
2026-05-10 22:16:44:6167654400:DEBUG:Data available on serial port
2026-05-10 22:16:44:6167654400:ENTER_EXIT:Entering ip232_read function
2026-05-10 22:16:44:6167654400:DEBUG:Read 1 bytes from ip232 socket
2026-05-10 22:16:44:6167654400:ENTER_EXIT:Exitting ip232_read function
2026-05-10 22:16:44:6167654400:DEBUG:Read 1 bytes from serial port
2026-05-10 22:16:44:6167654400:DEBUG_X:Waiting for modem/control line/timer/socket activity
2026-05-10 22:16:44:6167654400:DEBUG_X:CMD:0, DCE:1, LINE:1, TYPE:1, HOOK:1
2026-05-10 22:16:44:6167654400:DEBUG_X:Setting timer for break delay
2026-05-10 22:16:44:6169374720:DEBUG:Data available on socket
2026-05-10 22:16:44:6169374720:DEBUG:Read 1 bytes from socket
2026-05-10 22:16:44:6167654400:DEBUG:Data available on serial port
2026-05-10 22:16:44:6167654400:ENTER_EXIT:Entering ip232_read function
2026-05-10 22:16:44:6167654400:DEBUG:Read 1 bytes from ip232 socket
2026-05-10 22:16:44:6167654400:ENTER_EXIT:Exitting ip232_read function
2026-05-10 22:16:44:6167654400:DEBUG:Read 1 bytes from serial port
2026-05-10 22:16:44:6167654400:DEBUG_X:Waiting for modem/control line/timer/socket activity
2026-05-10 22:16:44:6167654400:DEBUG_X:CMD:0, DCE:1, LINE:1, TYPE:1, HOOK:1
2026-05-10 22:16:44:6167654400:DEBUG_X:Setting timer for break delay
2026-05-10 22:16:44:6169374720:DEBUG:Data available on socket
2026-05-10 22:16:44:6169374720:DEBUG:Read 1 bytes from socket
2026-05-10 22:16:44:6167654400:DEBUG:Data available on serial port
2026-05-10 22:16:44:6167654400:ENTER_EXIT:Entering ip232_read function
2026-05-10 22:16:44:6167654400:DEBUG:Read 1 bytes from ip232 socket
2026-05-10 22:16:44:6167654400:ENTER_EXIT:Exitting ip232_read function
2026-05-10 22:16:44:6167654400:DEBUG:Read 1 bytes from serial port
2026-05-10 22:16:44:6167654400:DEBUG_X:Waiting for modem/control line/timer/socket activity
2026-05-10 22:16:44:6167654400:DEBUG_X:CMD:0, DCE:1, LINE:1, TYPE:1, HOOK:1
2026-05-10 22:16:44:6167654400:DEBUG_X:Setting timer for break delay
2026-05-10 22:16:44:6169374720:DEBUG:Data available on socket
2026-05-10 22:16:44:6169374720:DEBUG:Read 1 bytes from socket
2026-05-10 22:16:44:6167654400:DEBUG:Data available on serial port
2026-05-10 22:16:44:6167654400:ENTER_EXIT:Entering ip232_read function
2026-05-10 22:16:44:6167654400:DEBUG:Read 1 bytes from ip232 socket
2026-05-10 22:16:44:6167654400:ENTER_EXIT:Exitting ip232_read function
2026-05-10 22:16:44:6167654400:DEBUG:Read 1 bytes from serial port
2026-05-10 22:16:44:6167654400:DEBUG_X:Waiting for modem/control line/timer/socket activity
2026-05-10 22:16:44:6167654400:DEBUG_X:CMD:0, DCE:1, LINE:1, TYPE:1, HOOK:1
2026-05-10 22:16:44:6167654400:DEBUG_X:Setting timer for break delay
2026-05-10 22:16:44:6169374720:DEBUG:Data available on socket
2026-05-10 22:16:44:6169374720:DEBUG:Read 1 bytes from socket
2026-05-10 22:16:44:6167654400:DEBUG:Data available on serial port
2026-05-10 22:16:44:6167654400:ENTER_EXIT:Entering ip232_read function
2026-05-10 22:16:44:6167654400:DEBUG:Read 1 bytes from ip232 socket
2026-05-10 22:16:44:6167654400:ENTER_EXIT:Exitting ip232_read function
2026-05-10 22:16:44:6167654400:DEBUG:Read 1 bytes from serial port
2026-05-10 22:16:44:6167654400:DEBUG_X:Waiting for modem/control line/timer/socket activity
2026-05-10 22:16:44:6167654400:DEBUG_X:CMD:0, DCE:1, LINE:1, TYPE:1, HOOK:1
2026-05-10 22:16:44:6167654400:DEBUG_X:Setting timer for break delay
2026-05-10 22:16:44:6169374720:DEBUG:Data available on socket
2026-05-10 22:16:44:6169374720:DEBUG:Read 1 bytes from socket
2026-05-10 22:16:44:6167654400:DEBUG:Data available on serial port
2026-05-10 22:16:44:6167654400:ENTER_EXIT:Entering ip232_read function
2026-05-10 22:16:44:6167654400:DEBUG:Read 1 bytes from ip232 socket
2026-05-10 22:16:44:6167654400:ENTER_EXIT:Exitting ip232_read function
2026-05-10 22:16:44:6167654400:DEBUG:Read 1 bytes from serial port
2026-05-10 22:16:44:6167654400:DEBUG_X:Waiting for modem/control line/timer/socket activity
2026-05-10 22:16:44:6167654400:DEBUG_X:CMD:0, DCE:1, LINE:1, TYPE:1, HOOK:1
2026-05-10 22:16:44:6167654400:DEBUG_X:Setting timer for break delay
2026-05-10 22:16:44:6169374720:DEBUG:Data available on socket
2026-05-10 22:16:44:6169374720:DEBUG:Read 1 bytes from socket
2026-05-10 22:16:44:6167654400:DEBUG:Data available on serial port
2026-05-10 22:16:44:6167654400:ENTER_EXIT:Entering ip232_read function
2026-05-10 22:16:44:6167654400:DEBUG:Read 1 bytes from ip232 socket
2026-05-10 22:16:44:6167654400:ENTER_EXIT:Exitting ip232_read function
2026-05-10 22:16:44:6167654400:DEBUG:Read 1 bytes from serial port
2026-05-10 22:16:44:6167654400:DEBUG_X:Waiting for modem/control line/timer/socket activity
2026-05-10 22:16:44:6167654400:DEBUG_X:CMD:0, DCE:1, LINE:1, TYPE:1, HOOK:1
2026-05-10 22:16:44:6167654400:DEBUG_X:Setting timer for break delay
2026-05-10 22:16:44:6169374720:DEBUG:Data available on socket
2026-05-10 22:16:44:6169374720:DEBUG:Read 1 bytes from socket
2026-05-10 22:16:44:6167654400:DEBUG:Data available on serial port
2026-05-10 22:16:44:6167654400:ENTER_EXIT:Entering ip232_read function
2026-05-10 22:16:44:6167654400:DEBUG:Read 1 bytes from ip232 socket
2026-05-10 22:16:44:6167654400:ENTER_EXIT:Exitting ip232_read function
2026-05-10 22:16:44:6167654400:DEBUG:Read 1 bytes from serial port
2026-05-10 22:16:44:6167654400:DEBUG_X:Waiting for modem/control line/timer/socket activity
2026-05-10 22:16:44:6167654400:DEBUG_X:CMD:0, DCE:1, LINE:1, TYPE:1, HOOK:1
2026-05-10 22:16:44:6167654400:DEBUG_X:Setting timer for break delay
2026-05-10 22:16:44:6169374720:DEBUG:Data available on socket
2026-05-10 22:16:44:6169374720:DEBUG:Read 1 bytes from socket
2026-05-10 22:16:44:6167654400:DEBUG:Data available on serial port
2026-05-10 22:16:44:6167654400:ENTER_EXIT:Entering ip232_read function
2026-05-10 22:16:44:6167654400:DEBUG:Read 1 bytes from ip232 socket
2026-05-10 22:16:44:6167654400:ENTER_EXIT:Exitting ip232_read function
2026-05-10 22:16:44:6167654400:DEBUG:Read 1 bytes from serial port
2026-05-10 22:16:44:6167654400:DEBUG_X:Waiting for modem/control line/timer/socket activity
2026-05-10 22:16:44:6167654400:DEBUG_X:CMD:0, DCE:1, LINE:1, TYPE:1, HOOK:1
2026-05-10 22:16:44:6167654400:DEBUG_X:Setting timer for break delay
2026-05-10 22:16:44:6169374720:DEBUG:Data available on socket
2026-05-10 22:16:44:6169374720:DEBUG:Read 1 bytes from socket
2026-05-10 22:16:45:6167654400:DEBUG:Data available on serial port
2026-05-10 22:16:45:6167654400:ENTER_EXIT:Entering ip232_read function
2026-05-10 22:16:45:6167654400:DEBUG:Read 1 bytes from ip232 socket
2026-05-10 22:16:45:6167654400:ENTER_EXIT:Exitting ip232_read function
2026-05-10 22:16:45:6167654400:DEBUG:Read 1 bytes from serial port
2026-05-10 22:16:45:6167654400:DEBUG_X:Waiting for modem/control line/timer/socket activity
2026-05-10 22:16:45:6167654400:DEBUG_X:CMD:0, DCE:1, LINE:1, TYPE:1, HOOK:1
2026-05-10 22:16:45:6167654400:DEBUG_X:Setting timer for break delay
2026-05-10 22:16:45:6169374720:DEBUG:Data available on socket
2026-05-10 22:16:45:6169374720:DEBUG:Read 1 bytes from socket
2026-05-10 22:16:45:6167654400:DEBUG:Data available on serial port
2026-05-10 22:16:45:6167654400:ENTER_EXIT:Entering ip232_read function
2026-05-10 22:16:45:6167654400:DEBUG:Read 1 bytes from ip232 socket
2026-05-10 22:16:45:6167654400:ENTER_EXIT:Exitting ip232_read function
2026-05-10 22:16:45:6167654400:DEBUG:Read 1 bytes from serial port
2026-05-10 22:16:45:6167654400:DEBUG_X:Waiting for modem/control line/timer/socket activity
2026-05-10 22:16:45:6167654400:DEBUG_X:CMD:0, DCE:1, LINE:1, TYPE:1, HOOK:1
2026-05-10 22:16:45:6167654400:DEBUG_X:Setting timer for break delay
2026-05-10 22:16:45:6169374720:DEBUG:Data available on socket
2026-05-10 22:16:45:6169374720:DEBUG:Read 1 bytes from socket
2026-05-10 22:16:45:6167654400:DEBUG:Data available on serial port
2026-05-10 22:16:45:6167654400:ENTER_EXIT:Entering ip232_read function
2026-05-10 22:16:45:6167654400:DEBUG:Read 1 bytes from ip232 socket
2026-05-10 22:16:45:6167654400:ENTER_EXIT:Exitting ip232_read function
2026-05-10 22:16:45:6167654400:DEBUG:Read 1 bytes from serial port
2026-05-10 22:16:45:6167654400:DEBUG_X:Waiting for modem/control line/timer/socket activity
2026-05-10 22:16:45:6167654400:DEBUG_X:CMD:0, DCE:1, LINE:1, TYPE:1, HOOK:1
2026-05-10 22:16:45:6167654400:DEBUG_X:Setting timer for break delay
2026-05-10 22:16:45:6169374720:DEBUG:Data available on socket
2026-05-10 22:16:45:6169374720:DEBUG:Read 1 bytes from socket
2026-05-10 22:16:46:6167654400:DEBUG:Initial Break Delay detected
2026-05-10 22:16:46:6167654400:INFO:Control Lines: DSR:1 DCD:0 CTS:1 RI:0
2026-05-10 22:16:46:6167654400:ENTER_EXIT:Entering dce_set_control_lines function
2026-05-10 22:16:46:6167654400:DEBUG_X:Setting DCD pin low
2026-05-10 22:16:46:6167654400:DEBUG_X:Setting RI pin low
2026-05-10 22:16:46:6167654400:DEBUG:ip232 control line state dcd:0 ri:0
2026-05-10 22:16:46:6167654400:ENTER_EXIT:Exitting dce_set_control_lines function
2026-05-10 22:16:46:6167654400:DEBUG_X:Waiting for modem/control line/timer/socket activity
2026-05-10 22:16:46:6167654400:DEBUG_X:CMD:0, DCE:1, LINE:1, TYPE:1, HOOK:1